[debug] [2023-07-17T11:11:18.479Z] ----------------------------------------------------------------------
[debug] [2023-07-17T11:11:18.482Z] Command:       /usr/local/bin/node /usr/local/bin/firebase deploy
[debug] [2023-07-17T11:11:18.482Z] CLI Version:   12.4.4
[debug] [2023-07-17T11:11:18.483Z] Platform:      darwin
[debug] [2023-07-17T11:11:18.483Z] Node Version:  v18.12.1
[debug] [2023-07-17T11:11:18.484Z] Time:          Mon Jul 17 2023 13:11:18 GMT+0200 (heure d’été d’Europe centrale)
[debug] [2023-07-17T11:11:18.485Z] ----------------------------------------------------------------------
[debug] 
[debug] [2023-07-17T11:11:18.576Z] > command requires scopes: ["email","openid","https://www.googleapis.com/auth/cloudplatformprojects.readonly","https://www.googleapis.com/auth/firebase","https://www.googleapis.com/auth/cloud-platform"]
[debug] [2023-07-17T11:11:18.577Z] > authorizing via signed-in user (khalifa.gueye@devlinkor.com)
[debug] [2023-07-17T11:11:18.577Z] [iam] checking project diasporaevents-3781f for permissions ["firebase.projects.get","firebasehosting.sites.update"]
[debug] [2023-07-17T11:11:18.579Z] > refreshing access token with scopes: []
[debug] [2023-07-17T11:11:18.581Z] >>> [apiv2][query] POST https://www.googleapis.com/oauth2/v3/token [none]
[debug] [2023-07-17T11:11:18.581Z] >>> [apiv2][body] POST https://www.googleapis.com/oauth2/v3/token [omitted]
[debug] [2023-07-17T11:11:18.802Z] <<< [apiv2][status] POST https://www.googleapis.com/oauth2/v3/token 400
[debug] [2023-07-17T11:11:18.802Z] <<< [apiv2][body] POST https://www.googleapis.com/oauth2/v3/token [omitted]
[debug] [2023-07-17T11:11:18.803Z] >>> [apiv2][query] POST https://cloudresourcemanager.googleapis.com/v1/projects/diasporaevents-3781f:testIamPermissions [none]
[debug] [2023-07-17T11:11:18.803Z] >>> [apiv2][(partial)header] POST https://cloudresourcemanager.googleapis.com/v1/projects/diasporaevents-3781f:testIamPermissions x-goog-quota-user=projects/diasporaevents-3781f
[debug] [2023-07-17T11:11:18.803Z] >>> [apiv2][body] POST https://cloudresourcemanager.googleapis.com/v1/projects/diasporaevents-3781f:testIamPermissions {"permissions":["firebase.projects.get","firebasehosting.sites.update"]}
[debug] [2023-07-17T11:11:19.516Z] <<< [apiv2][status] POST https://cloudresourcemanager.googleapis.com/v1/projects/diasporaevents-3781f:testIamPermissions 401
[debug] [2023-07-17T11:11:19.516Z] <<< [apiv2][body] POST https://cloudresourcemanager.googleapis.com/v1/projects/diasporaevents-3781f:testIamPermissions {"error":{"code":401,"message":"Request had invalid authentication credentials. Expected OAuth 2 access token, login cookie or other valid authentication credential. See https://developers.google.com/identity/sign-in/web/devconsole-project.","status":"UNAUTHENTICATED","details":[{"@type":"type.googleapis.com/google.rpc.ErrorInfo","reason":"ACCESS_TOKEN_TYPE_UNSUPPORTED","metadata":{"service":"cloudresourcemanager.googleapis.com","method":"google.cloudresourcemanager.v1.Projects.TestIamPermissions"}}]}}
[debug] [2023-07-17T11:11:19.518Z] [iam] error while checking permissions, command may fail: FirebaseError: HTTP Error: 401, Request had invalid authentication credentials. Expected OAuth 2 access token, login cookie or other valid authentication credential. See https://developers.google.com/identity/sign-in/web/devconsole-project.
[debug] [2023-07-17T11:11:19.518Z] > refreshing access token with scopes: []
[debug] [2023-07-17T11:11:19.519Z] >>> [apiv2][query] POST https://www.googleapis.com/oauth2/v3/token [none]
[debug] [2023-07-17T11:11:19.519Z] >>> [apiv2][body] POST https://www.googleapis.com/oauth2/v3/token [omitted]
[debug] [2023-07-17T11:11:19.644Z] <<< [apiv2][status] POST https://www.googleapis.com/oauth2/v3/token 400
[debug] [2023-07-17T11:11:19.645Z] <<< [apiv2][body] POST https://www.googleapis.com/oauth2/v3/token [omitted]
[debug] [2023-07-17T11:11:19.646Z] >>> [apiv2][query] GET https://firebase.googleapis.com/v1beta1/projects/diasporaevents-3781f [none]
[debug] [2023-07-17T11:11:19.830Z] <<< [apiv2][status] GET https://firebase.googleapis.com/v1beta1/projects/diasporaevents-3781f 401
[debug] [2023-07-17T11:11:19.831Z] <<< [apiv2][body] GET https://firebase.googleapis.com/v1beta1/projects/diasporaevents-3781f {"error":{"code":401,"message":"Request had invalid authentication credentials. Expected OAuth 2 access token, login cookie or other valid authentication credential. See https://developers.google.com/identity/sign-in/web/devconsole-project.","status":"UNAUTHENTICATED"}}
[debug] [2023-07-17T11:11:19.831Z] HTTP Error: 401, Request had invalid authentication credentials. Expected OAuth 2 access token, login cookie or other valid authentication credential. See https://developers.google.com/identity/sign-in/web/devconsole-project.
[debug] [2023-07-17T11:11:19.957Z] FirebaseError: HTTP Error: 401, Request had invalid authentication credentials. Expected OAuth 2 access token, login cookie or other valid authentication credential. See https://developers.google.com/identity/sign-in/web/devconsole-project.
    at responseToError (/usr/local/lib/node_modules/firebase-tools/lib/responseToError.js:49:12)
    at RetryOperation._fn (/usr/local/lib/node_modules/firebase-tools/lib/apiv2.js:289:77)
    at process.processTicksAndRejections (node:internal/process/task_queues:95:5)
[error] 
[error] Error: Failed to get Firebase project diasporaevents-3781f. Please make sure the project exists and your account has permission to access it.
